<?xml version="1.0" encoding="utf-8"?><testsuites name="pytest tests"><testsuite name="pytest" errors="0" failures="1" skipped="0" tests="4" time="61.006" timestamp="2026-03-15T16:46:38.990165+00:00" hostname="agent-env-b3adb690-c72b-4d62-9955-b96e146a0694"><testcase classname="backend.tests.test_helios.TestHealthCheck" name="test_root_health" time="0.262" /><testcase classname="backend.tests.test_helios.TestGallery" name="test_get_gallery_returns_list" time="0.138" /><testcase classname="backend.tests.test_helios.TestGallery" name="test_save_to_gallery_and_verify" time="0.323" /><testcase classname="backend.tests.test_helios.TestGenerateGame" name="test_generate_game_invalid_empty_prompt" time="60.169"><failure message="assert 502 in [200, 400, 422, 500]&#10; +  where 502 = &lt;Response [502]&gt;.status_code">backend/tests/test_helios.py:53: in test_generate_game_invalid_empty_prompt
    assert response.status_code in [200, 400, 422, 500]
E   assert 502 in [200, 400, 422, 500]
E    +  where 502 = &lt;Response [502]&gt;.status_code</failure></testcase></testsuite></testsuites>